2018-05-13 23:16:04.9937 Info Auto loading assembly file: /home/edbrad/Documents/bl-status-svc/bin/NLog.Extensions.Logging.dll
2018-05-13 23:16:05.0022 Info Loading assembly file: /home/edbrad/Documents/bl-status-svc/bin/NLog.Extensions.Logging.dll
2018-05-13 23:16:05.0147 Info NLog.Extensions.Logging, Version=1.0.0.0, Culture=neutral, PublicKeyToken=5120e14c03d0593c. File version: 1.0.2.652. Product version: 1.0.2.
2018-05-13 23:16:05.0175 Info Auto loading assembly file: /home/edbrad/Documents/bl-status-svc/bin/NLog.Extensions.Logging.dll succeeded!
2018-05-13 23:16:05.0223 Info Message Template Auto Format enabled
2018-05-13 23:16:05.1069 Info Adding target File Target[target1]
2018-05-13 23:16:05.1094 Info Adding target Console Target[target2]
2018-05-13 23:16:05.1163 Info Configured from an XML element in /home/edbrad/Documents/bl-status-svc/bin/nlog.config...
2018-05-13 23:16:05.1339 Info Found 33 configuration items
2018-05-13 23:16:20.6301 Info Logger closing down...
2018-05-13 23:16:20.6372 Info Closing old configuration.
2018-05-13 23:16:20.6633 Info Logger has been closed down.
2018-05-14 00:44:48.8998 Info Auto loading assembly file: /home/edbrad/Documents/bl-status-svc/bin/NLog.Extensions.Logging.dll
2018-05-14 00:44:48.9112 Info Loading assembly file: /home/edbrad/Documents/bl-status-svc/bin/NLog.Extensions.Logging.dll
2018-05-14 00:44:48.9244 Info NLog.Extensions.Logging, Version=1.0.0.0, Culture=neutral, PublicKeyToken=5120e14c03d0593c. File version: 1.0.2.652. Product version: 1.0.2.
2018-05-14 00:44:48.9280 Info Auto loading assembly file: /home/edbrad/Documents/bl-status-svc/bin/NLog.Extensions.Logging.dll succeeded!
2018-05-14 00:44:48.9331 Info Message Template Auto Format enabled
2018-05-14 00:44:49.0133 Info Adding target File Target[target1]
2018-05-14 00:44:49.0133 Info Adding target Console Target[target2]
2018-05-14 00:44:49.0252 Info Configured from an XML element in /home/edbrad/Documents/bl-status-svc/bin/nlog.config...
2018-05-14 00:44:49.0451 Info Found 33 configuration items
2018-05-14 00:45:31.2833 Info Logger closing down...
2018-05-14 00:45:31.2861 Info Closing old configuration.
2018-05-14 00:45:31.3119 Info Logger has been closed down.
2018-05-14 01:11:02.8514 Info Auto loading assembly file: /home/edbrad/Documents/bl-status-svc/bin/NLog.Extensions.Logging.dll
2018-05-14 01:11:02.8639 Info Loading assembly file: /home/edbrad/Documents/bl-status-svc/bin/NLog.Extensions.Logging.dll
2018-05-14 01:11:02.8790 Info NLog.Extensions.Logging, Version=1.0.0.0, Culture=neutral, PublicKeyToken=5120e14c03d0593c. File version: 1.0.2.652. Product version: 1.0.2.
2018-05-14 01:11:02.8834 Info Auto loading assembly file: /home/edbrad/Documents/bl-status-svc/bin/NLog.Extensions.Logging.dll succeeded!
2018-05-14 01:11:02.8899 Info Message Template Auto Format enabled
2018-05-14 01:11:02.9710 Info Adding target File Target[target1]
2018-05-14 01:11:02.9749 Info Adding target Console Target[target2]
2018-05-14 01:11:02.9823 Info Configured from an XML element in /home/edbrad/Documents/bl-status-svc/bin/nlog.config...
2018-05-14 01:11:03.0022 Info Found 33 configuration items
2018-05-14 01:11:17.2540 Info Logger closing down...
2018-05-14 01:11:17.2587 Info Closing old configuration.
2018-05-14 01:11:17.2867 Info Logger has been closed down.
2018-05-14 09:56:13.6391 Info Auto loading assembly file: /home/edbrad/Documents/bl-status-svc/bin/NLog.Extensions.Logging.dll
2018-05-14 09:56:13.6499 Info Loading assembly file: /home/edbrad/Documents/bl-status-svc/bin/NLog.Extensions.Logging.dll
2018-05-14 09:56:13.6615 Info NLog.Extensions.Logging, Version=1.0.0.0, Culture=neutral, PublicKeyToken=5120e14c03d0593c. File version: 1.0.2.652. Product version: 1.0.2.
2018-05-14 09:56:13.6615 Info Auto loading assembly file: /home/edbrad/Documents/bl-status-svc/bin/NLog.Extensions.Logging.dll succeeded!
2018-05-14 09:56:13.6668 Info Message Template Auto Format enabled
2018-05-14 09:56:13.7453 Info Adding target File Target[target1]
2018-05-14 09:56:13.7453 Info Adding target Console Target[target2]
2018-05-14 09:56:13.7554 Info Configured from an XML element in /home/edbrad/Documents/bl-status-svc/bin/nlog.config...
2018-05-14 09:56:13.7750 Info Found 33 configuration items
2018-05-14 09:56:20.4968 Info Logger closing down...
2018-05-14 09:56:20.4968 Info Closing old configuration.
2018-05-14 09:56:20.5264 Info Logger has been closed down.
2018-05-14 12:27:01.4506 Info Auto loading assembly file: /home/edbrad/Documents/bl-status-svc/bin/NLog.Extensions.Logging.dll
2018-05-14 12:27:01.4617 Info Loading assembly file: /home/edbrad/Documents/bl-status-svc/bin/NLog.Extensions.Logging.dll
2018-05-14 12:27:01.4742 Info NLog.Extensions.Logging, Version=1.0.0.0, Culture=neutral, PublicKeyToken=5120e14c03d0593c. File version: 1.0.2.652. Product version: 1.0.2.
2018-05-14 12:27:01.4742 Info Auto loading assembly file: /home/edbrad/Documents/bl-status-svc/bin/NLog.Extensions.Logging.dll succeeded!
2018-05-14 12:27:01.4810 Info Message Template Auto Format enabled
2018-05-14 12:27:01.5637 Info Adding target File Target[target1]
2018-05-14 12:27:01.5664 Info Adding target Console Target[target2]
2018-05-14 12:27:01.5746 Info Configured from an XML element in /home/edbrad/Documents/bl-status-svc/bin/nlog.config...
2018-05-14 12:27:01.5952 Info Found 33 configuration items
2018-05-14 12:27:12.9130 Info Logger closing down...
2018-05-14 12:27:12.9130 Info Closing old configuration.
2018-05-14 12:27:12.9410 Info Logger has been closed down.
2018-05-15 16:09:35.5271 Info Auto loading assembly file: /home/edbrad/Documents/bl-status-svc/bin/NLog.Extensions.Logging.dll
2018-05-15 16:09:35.5355 Info Loading assembly file: /home/edbrad/Documents/bl-status-svc/bin/NLog.Extensions.Logging.dll
2018-05-15 16:09:35.5438 Info NLog.Extensions.Logging, Version=1.0.0.0, Culture=neutral, PublicKeyToken=5120e14c03d0593c. File version: 1.0.2.652. Product version: 1.0.2.
2018-05-15 16:09:35.5458 Info Auto loading assembly file: /home/edbrad/Documents/bl-status-svc/bin/NLog.Extensions.Logging.dll succeeded!
2018-05-15 16:09:35.5491 Info Message Template Auto Format enabled
2018-05-15 16:09:35.6071 Info Adding target File Target[target1]
2018-05-15 16:09:35.6109 Info Adding target Console Target[target2]
2018-05-15 16:09:35.6200 Info Configured from an XML element in /home/edbrad/Documents/bl-status-svc/bin/nlog.config...
2018-05-15 16:09:35.6349 Info Found 33 configuration items
2018-05-15 16:09:59.2447 Info Logger closing down...
2018-05-15 16:09:59.2482 Info Closing old configuration.
2018-05-15 16:09:59.2696 Info Logger has been closed down.
2018-05-15 16:12:36.4634 Info Auto loading assembly file: /home/edbrad/Documents/bl-status-svc/bin/NLog.Extensions.Logging.dll
2018-05-15 16:12:36.4737 Info Loading assembly file: /home/edbrad/Documents/bl-status-svc/bin/NLog.Extensions.Logging.dll
2018-05-15 16:12:36.4822 Info NLog.Extensions.Logging, Version=1.0.0.0, Culture=neutral, PublicKeyToken=5120e14c03d0593c. File version: 1.0.2.652. Product version: 1.0.2.
2018-05-15 16:12:36.4840 Info Auto loading assembly file: /home/edbrad/Documents/bl-status-svc/bin/NLog.Extensions.Logging.dll succeeded!
2018-05-15 16:12:36.4927 Info Message Template Auto Format enabled
2018-05-15 16:12:36.5578 Info Adding target File Target[target1]
2018-05-15 16:12:36.5600 Info Adding target Console Target[target2]
2018-05-15 16:12:36.5653 Info Configured from an XML element in /home/edbrad/Documents/bl-status-svc/bin/nlog.config...
2018-05-15 16:12:36.5819 Info Found 33 configuration items
2018-05-15 16:23:17.7723 Info Auto loading assembly file: /home/edbrad/Documents/bl-status-svc/bin/NLog.Extensions.Logging.dll
2018-05-15 16:23:17.7804 Info Loading assembly file: /home/edbrad/Documents/bl-status-svc/bin/NLog.Extensions.Logging.dll
2018-05-15 16:23:17.7900 Info NLog.Extensions.Logging, Version=1.0.0.0, Culture=neutral, PublicKeyToken=5120e14c03d0593c. File version: 1.0.2.652. Product version: 1.0.2.
2018-05-15 16:23:17.7926 Info Auto loading assembly file: /home/edbrad/Documents/bl-status-svc/bin/NLog.Extensions.Logging.dll succeeded!
2018-05-15 16:23:17.7966 Info Message Template Auto Format enabled
2018-05-15 16:23:17.8522 Info Adding target File Target[target1]
2018-05-15 16:23:17.8522 Info Adding target Console Target[target2]
2018-05-15 16:23:17.8622 Info Configured from an XML element in /home/edbrad/Documents/bl-status-svc/bin/nlog.config...
2018-05-15 16:23:17.8772 Info Found 33 configuration items
2018-05-15 16:23:31.1910 Info Logger closing down...
2018-05-15 16:23:31.1937 Info Closing old configuration.
2018-05-15 16:23:31.2112 Info Logger has been closed down.
2018-05-15 16:26:40.7173 Info Auto loading assembly file: /home/edbrad/Documents/bl-status-svc/bin/NLog.Extensions.Logging.dll
2018-05-15 16:26:40.7260 Info Loading assembly file: /home/edbrad/Documents/bl-status-svc/bin/NLog.Extensions.Logging.dll
2018-05-15 16:26:40.7337 Info NLog.Extensions.Logging, Version=1.0.0.0, Culture=neutral, PublicKeyToken=5120e14c03d0593c. File version: 1.0.2.652. Product version: 1.0.2.
2018-05-15 16:26:40.7337 Info Auto loading assembly file: /home/edbrad/Documents/bl-status-svc/bin/NLog.Extensions.Logging.dll succeeded!
2018-05-15 16:26:40.7373 Info Message Template Auto Format enabled
2018-05-15 16:26:40.7916 Info Adding target File Target[target1]
2018-05-15 16:26:40.7916 Info Adding target Console Target[target2]
2018-05-15 16:26:40.7985 Info Configured from an XML element in /home/edbrad/Documents/bl-status-svc/bin/nlog.config...
2018-05-15 16:26:40.8127 Info Found 33 configuration items
2018-05-15 16:26:45.1150 Info Logger closing down...
2018-05-15 16:26:45.1185 Info Closing old configuration.
2018-05-15 16:26:45.1376 Info Logger has been closed down.
2018-05-16 16:57:27.1367 Info Auto loading assembly file: /home/edbrad/Documents/bl-status-svc/bin/NLog.Extensions.Logging.dll
2018-05-16 16:57:27.1439 Info Loading assembly file: /home/edbrad/Documents/bl-status-svc/bin/NLog.Extensions.Logging.dll
2018-05-16 16:57:27.1516 Info NLog.Extensions.Logging, Version=1.0.0.0, Culture=neutral, PublicKeyToken=5120e14c03d0593c. File version: 1.0.2.652. Product version: 1.0.2.
2018-05-16 16:57:27.1528 Info Auto loading assembly file: /home/edbrad/Documents/bl-status-svc/bin/NLog.Extensions.Logging.dll succeeded!
2018-05-16 16:57:27.1528 Info Message Template Auto Format enabled
2018-05-16 16:57:27.2120 Info Adding target File Target[target1]
2018-05-16 16:57:27.2139 Info Adding target Console Target[target2]
2018-05-16 16:57:27.2190 Info Configured from an XML element in /home/edbrad/Documents/bl-status-svc/bin/nlog.config...
2018-05-16 16:57:27.2337 Info Found 33 configuration items
2018-05-16 16:57:31.1583 Info Logger closing down...
2018-05-16 16:57:31.1600 Info Closing old configuration.
2018-05-16 16:57:31.1779 Info Logger has been closed down.
2018-05-16 17:23:31.5008 Info Auto loading assembly file: /home/edbrad/Documents/bl-status-svc/bin/NLog.Extensions.Logging.dll
2018-05-16 17:23:31.5077 Info Loading assembly file: /home/edbrad/Documents/bl-status-svc/bin/NLog.Extensions.Logging.dll
2018-05-16 17:23:31.5159 Info NLog.Extensions.Logging, Version=1.0.0.0, Culture=neutral, PublicKeyToken=5120e14c03d0593c. File version: 1.0.2.652. Product version: 1.0.2.
2018-05-16 17:23:31.5177 Info Auto loading assembly file: /home/edbrad/Documents/bl-status-svc/bin/NLog.Extensions.Logging.dll succeeded!
2018-05-16 17:23:31.5205 Info Message Template Auto Format enabled
2018-05-16 17:23:31.5770 Info Adding target File Target[target1]
2018-05-16 17:23:31.5804 Info Adding target Console Target[target2]
2018-05-16 17:23:31.5866 Info Configured from an XML element in /home/edbrad/Documents/bl-status-svc/bin/nlog.config...
2018-05-16 17:23:31.6030 Info Found 33 configuration items
2018-05-16 17:23:34.9571 Info Logger closing down...
2018-05-16 17:23:34.9571 Info Closing old configuration.
2018-05-16 17:23:34.9813 Info Logger has been closed down.
2018-05-16 17:24:55.1197 Info Auto loading assembly file: /home/edbrad/Documents/bl-status-svc/bin/NLog.Extensions.Logging.dll
2018-05-16 17:24:55.1263 Info Loading assembly file: /home/edbrad/Documents/bl-status-svc/bin/NLog.Extensions.Logging.dll
2018-05-16 17:24:55.1351 Info NLog.Extensions.Logging, Version=1.0.0.0, Culture=neutral, PublicKeyToken=5120e14c03d0593c. File version: 1.0.2.652. Product version: 1.0.2.
2018-05-16 17:24:55.1373 Info Auto loading assembly file: /home/edbrad/Documents/bl-status-svc/bin/NLog.Extensions.Logging.dll succeeded!
2018-05-16 17:24:55.1418 Info Message Template Auto Format enabled
2018-05-16 17:24:55.2058 Info Adding target File Target[target1]
2018-05-16 17:24:55.2058 Info Adding target Console Target[target2]
2018-05-16 17:24:55.2126 Info Configured from an XML element in /home/edbrad/Documents/bl-status-svc/bin/nlog.config...
2018-05-16 17:24:55.2264 Info Found 33 configuration items
2018-05-16 17:24:59.4835 Info Logger closing down...
2018-05-16 17:24:59.4854 Info Closing old configuration.
2018-05-16 17:24:59.5103 Info Logger has been closed down.
2018-05-16 17:28:08.9870 Info Auto loading assembly file: /home/edbrad/Documents/bl-status-svc/bin/NLog.Extensions.Logging.dll
2018-05-16 17:28:08.9948 Info Loading assembly file: /home/edbrad/Documents/bl-status-svc/bin/NLog.Extensions.Logging.dll
2018-05-16 17:28:09.0084 Info NLog.Extensions.Logging, Version=1.0.0.0, Culture=neutral, PublicKeyToken=5120e14c03d0593c. File version: 1.0.2.652. Product version: 1.0.2.
2018-05-16 17:28:09.0084 Info Auto loading assembly file: /home/edbrad/Documents/bl-status-svc/bin/NLog.Extensions.Logging.dll succeeded!
2018-05-16 17:28:09.0122 Info Message Template Auto Format enabled
2018-05-16 17:28:09.0678 Info Adding target File Target[target1]
2018-05-16 17:28:09.0695 Info Adding target Console Target[target2]
2018-05-16 17:28:09.0746 Info Configured from an XML element in /home/edbrad/Documents/bl-status-svc/bin/nlog.config...
2018-05-16 17:28:09.0886 Info Found 33 configuration items
2018-05-16 17:28:12.9388 Info Logger closing down...
2018-05-16 17:28:12.9407 Info Closing old configuration.
2018-05-16 17:28:12.9592 Info Logger has been closed down.
2018-05-16 17:31:36.5759 Info Auto loading assembly file: /home/edbrad/Documents/bl-status-svc/bin/NLog.Extensions.Logging.dll
2018-05-16 17:31:36.5827 Info Loading assembly file: /home/edbrad/Documents/bl-status-svc/bin/NLog.Extensions.Logging.dll
2018-05-16 17:31:36.5908 Info NLog.Extensions.Logging, Version=1.0.0.0, Culture=neutral, PublicKeyToken=5120e14c03d0593c. File version: 1.0.2.652. Product version: 1.0.2.
2018-05-16 17:31:36.5921 Info Auto loading assembly file: /home/edbrad/Documents/bl-status-svc/bin/NLog.Extensions.Logging.dll succeeded!
2018-05-16 17:31:36.5921 Info Message Template Auto Format enabled
2018-05-16 17:31:36.6571 Info Adding target File Target[target1]
2018-05-16 17:31:36.6571 Info Adding target Console Target[target2]
2018-05-16 17:31:36.6649 Info Configured from an XML element in /home/edbrad/Documents/bl-status-svc/bin/nlog.config...
2018-05-16 17:31:36.6799 Info Found 33 configuration items
2018-05-16 17:31:40.9731 Info Logger closing down...
2018-05-16 17:31:40.9731 Info Closing old configuration.
2018-05-16 17:31:40.9950 Info Logger has been closed down.
2018-05-16 17:33:01.1709 Info Auto loading assembly file: /home/edbrad/Documents/bl-status-svc/bin/NLog.Extensions.Logging.dll
2018-05-16 17:33:01.1774 Info Loading assembly file: /home/edbrad/Documents/bl-status-svc/bin/NLog.Extensions.Logging.dll
2018-05-16 17:33:01.1851 Info NLog.Extensions.Logging, Version=1.0.0.0, Culture=neutral, PublicKeyToken=5120e14c03d0593c. File version: 1.0.2.652. Product version: 1.0.2.
2018-05-16 17:33:01.1851 Info Auto loading assembly file: /home/edbrad/Documents/bl-status-svc/bin/NLog.Extensions.Logging.dll succeeded!
2018-05-16 17:33:01.1887 Info Message Template Auto Format enabled
2018-05-16 17:33:01.2416 Info Adding target File Target[target1]
2018-05-16 17:33:01.2416 Info Adding target Console Target[target2]
2018-05-16 17:33:01.2486 Info Configured from an XML element in /home/edbrad/Documents/bl-status-svc/bin/nlog.config...
2018-05-16 17:33:01.2624 Info Found 33 configuration items
2018-05-16 17:33:03.8863 Info Logger closing down...
2018-05-16 17:33:03.8885 Info Closing old configuration.
2018-05-16 17:33:03.9067 Info Logger has been closed down.
2018-05-16 17:36:49.6265 Info Auto loading assembly file: /home/edbrad/Documents/bl-status-svc/bin/NLog.Extensions.Logging.dll
2018-05-16 17:36:49.6342 Info Loading assembly file: /home/edbrad/Documents/bl-status-svc/bin/NLog.Extensions.Logging.dll
2018-05-16 17:36:49.6450 Info NLog.Extensions.Logging, Version=1.0.0.0, Culture=neutral, PublicKeyToken=5120e14c03d0593c. File version: 1.0.2.652. Product version: 1.0.2.
2018-05-16 17:36:49.6450 Info Auto loading assembly file: /home/edbrad/Documents/bl-status-svc/bin/NLog.Extensions.Logging.dll succeeded!
2018-05-16 17:36:49.6514 Info Message Template Auto Format enabled
2018-05-16 17:36:49.7136 Info Adding target File Target[target1]
2018-05-16 17:36:49.7136 Info Adding target Console Target[target2]
2018-05-16 17:36:49.7206 Info Configured from an XML element in /home/edbrad/Documents/bl-status-svc/bin/nlog.config...
2018-05-16 17:36:49.7350 Info Found 33 configuration items
2018-05-16 17:36:53.2040 Info Logger closing down...
2018-05-16 17:36:53.2040 Info Closing old configuration.
2018-05-16 17:36:53.2279 Info Logger has been closed down.
2018-05-16 19:57:35.5798 Info Auto loading assembly file: /home/edbrad/Documents/bl-status-svc/bin/NLog.Extensions.Logging.dll
2018-05-16 19:57:35.5894 Info Loading assembly file: /home/edbrad/Documents/bl-status-svc/bin/NLog.Extensions.Logging.dll
2018-05-16 19:57:35.5973 Info NLog.Extensions.Logging, Version=1.0.0.0, Culture=neutral, PublicKeyToken=5120e14c03d0593c. File version: 1.0.2.652. Product version: 1.0.2.
2018-05-16 19:57:35.5973 Info Auto loading assembly file: /home/edbrad/Documents/bl-status-svc/bin/NLog.Extensions.Logging.dll succeeded!
2018-05-16 19:57:35.6009 Info Message Template Auto Format enabled
2018-05-16 19:57:35.6614 Info Adding target File Target[target1]
2018-05-16 19:57:35.6631 Info Adding target Console Target[target2]
2018-05-16 19:57:35.6683 Info Configured from an XML element in /home/edbrad/Documents/bl-status-svc/bin/nlog.config...
2018-05-16 19:57:35.6828 Info Found 33 configuration items
2018-05-16 19:57:40.2105 Info Logger closing down...
2018-05-16 19:57:40.2167 Info Closing old configuration.
2018-05-16 19:57:40.2460 Info Logger has been closed down.
2018-05-16 19:58:02.6001 Info Auto loading assembly file: /home/edbrad/Documents/bl-status-svc/bin/NLog.Extensions.Logging.dll
2018-05-16 19:58:02.6080 Info Loading assembly file: /home/edbrad/Documents/bl-status-svc/bin/NLog.Extensions.Logging.dll
2018-05-16 19:58:02.6176 Info NLog.Extensions.Logging, Version=1.0.0.0, Culture=neutral, PublicKeyToken=5120e14c03d0593c. File version: 1.0.2.652. Product version: 1.0.2.
2018-05-16 19:58:02.6215 Info Auto loading assembly file: /home/edbrad/Documents/bl-status-svc/bin/NLog.Extensions.Logging.dll succeeded!
2018-05-16 19:58:02.6251 Info Message Template Auto Format enabled
2018-05-16 19:58:02.6888 Info Adding target File Target[target1]
2018-05-16 19:58:02.6916 Info Adding target Console Target[target2]
2018-05-16 19:58:02.6968 Info Configured from an XML element in /home/edbrad/Documents/bl-status-svc/bin/nlog.config...
2018-05-16 19:58:02.7120 Info Found 33 configuration items
2018-05-16 19:58:04.4366 Info Logger closing down...
2018-05-16 19:58:04.4384 Info Closing old configuration.
2018-05-16 19:58:04.4623 Info Logger has been closed down.
2018-05-16 19:58:37.3617 Info Auto loading assembly file: /home/edbrad/Documents/bl-status-svc/bin/NLog.Extensions.Logging.dll
2018-05-16 19:58:37.3680 Info Loading assembly file: /home/edbrad/Documents/bl-status-svc/bin/NLog.Extensions.Logging.dll
2018-05-16 19:58:37.3765 Info NLog.Extensions.Logging, Version=1.0.0.0, Culture=neutral, PublicKeyToken=5120e14c03d0593c. File version: 1.0.2.652. Product version: 1.0.2.
2018-05-16 19:58:37.3765 Info Auto loading assembly file: /home/edbrad/Documents/bl-status-svc/bin/NLog.Extensions.Logging.dll succeeded!
2018-05-16 19:58:37.3802 Info Message Template Auto Format enabled
2018-05-16 19:58:37.4411 Info Adding target File Target[target1]
2018-05-16 19:58:37.4428 Info Adding target Console Target[target2]
2018-05-16 19:58:37.4478 Info Configured from an XML element in /home/edbrad/Documents/bl-status-svc/bin/nlog.config...
2018-05-16 19:58:37.4619 Info Found 33 configuration items
2018-05-16 19:58:41.3796 Info Logger closing down...
2018-05-16 19:58:41.3796 Info Closing old configuration.
2018-05-16 19:58:41.4029 Info Logger has been closed down.
2018-05-16 20:07:21.3463 Info Auto loading assembly file: /home/edbrad/Documents/bl-status-svc/bin/NLog.Extensions.Logging.dll
2018-05-16 20:07:21.3538 Info Loading assembly file: /home/edbrad/Documents/bl-status-svc/bin/NLog.Extensions.Logging.dll
2018-05-16 20:07:21.3626 Info NLog.Extensions.Logging, Version=1.0.0.0, Culture=neutral, PublicKeyToken=5120e14c03d0593c. File version: 1.0.2.652. Product version: 1.0.2.
2018-05-16 20:07:21.3626 Info Auto loading assembly file: /home/edbrad/Documents/bl-status-svc/bin/NLog.Extensions.Logging.dll succeeded!
2018-05-16 20:07:21.3710 Info Message Template Auto Format enabled
2018-05-16 20:07:21.4303 Info Adding target File Target[target1]
2018-05-16 20:07:21.4319 Info Adding target Console Target[target2]
2018-05-16 20:07:21.4387 Info Configured from an XML element in /home/edbrad/Documents/bl-status-svc/bin/nlog.config...
2018-05-16 20:07:21.4543 Info Found 33 configuration items
2018-05-16 20:08:02.7916 Info Logger closing down...
2018-05-16 20:08:02.7956 Info Closing old configuration.
2018-05-16 20:08:02.8378 Info Logger has been closed down.
2018-05-16 20:24:13.8457 Info Auto loading assembly file: /home/edbrad/Documents/bl-status-svc/bin/NLog.Extensions.Logging.dll
2018-05-16 20:24:13.8536 Info Loading assembly file: /home/edbrad/Documents/bl-status-svc/bin/NLog.Extensions.Logging.dll
2018-05-16 20:24:13.8635 Info NLog.Extensions.Logging, Version=1.0.0.0, Culture=neutral, PublicKeyToken=5120e14c03d0593c. File version: 1.0.2.652. Product version: 1.0.2.
2018-05-16 20:24:13.8635 Info Auto loading assembly file: /home/edbrad/Documents/bl-status-svc/bin/NLog.Extensions.Logging.dll succeeded!
2018-05-16 20:24:13.8702 Info Message Template Auto Format enabled
2018-05-16 20:24:13.9307 Info Adding target File Target[target1]
2018-05-16 20:24:13.9307 Info Adding target Console Target[target2]
2018-05-16 20:24:13.9427 Info Configured from an XML element in /home/edbrad/Documents/bl-status-svc/bin/nlog.config...
2018-05-16 20:24:13.9584 Info Found 33 configuration items
2018-05-16 20:24:23.8728 Info Logger closing down...
2018-05-16 20:24:23.8747 Info Closing old configuration.
2018-05-16 20:24:23.9148 Info Logger has been closed down.
2018-05-16 20:24:43.0219 Info Auto loading assembly file: /home/edbrad/Documents/bl-status-svc/bin/NLog.Extensions.Logging.dll
2018-05-16 20:24:43.0305 Info Loading assembly file: /home/edbrad/Documents/bl-status-svc/bin/NLog.Extensions.Logging.dll
2018-05-16 20:24:43.0397 Info NLog.Extensions.Logging, Version=1.0.0.0, Culture=neutral, PublicKeyToken=5120e14c03d0593c. File version: 1.0.2.652. Product version: 1.0.2.
2018-05-16 20:24:43.0397 Info Auto loading assembly file: /home/edbrad/Documents/bl-status-svc/bin/NLog.Extensions.Logging.dll succeeded!
2018-05-16 20:24:43.0449 Info Message Template Auto Format enabled
2018-05-16 20:24:43.1015 Info Adding target File Target[target1]
2018-05-16 20:24:43.1032 Info Adding target Console Target[target2]
2018-05-16 20:24:43.1082 Info Configured from an XML element in /home/edbrad/Documents/bl-status-svc/bin/nlog.config...
2018-05-16 20:24:43.1217 Info Found 33 configuration items
2018-05-16 20:24:48.0638 Info Logger closing down...
2018-05-16 20:24:48.0664 Info Closing old configuration.
2018-05-16 20:24:48.1001 Info Logger has been closed down.
2018-05-16 20:39:28.3844 Info Auto loading assembly file: /home/edbrad/Documents/bl-status-svc/bin/NLog.Extensions.Logging.dll
2018-05-16 20:39:28.3917 Info Loading assembly file: /home/edbrad/Documents/bl-status-svc/bin/NLog.Extensions.Logging.dll
2018-05-16 20:39:28.3993 Info NLog.Extensions.Logging, Version=1.0.0.0, Culture=neutral, PublicKeyToken=5120e14c03d0593c. File version: 1.0.2.652. Product version: 1.0.2.
2018-05-16 20:39:28.3993 Info Auto loading assembly file: /home/edbrad/Documents/bl-status-svc/bin/NLog.Extensions.Logging.dll succeeded!
2018-05-16 20:39:28.4030 Info Message Template Auto Format enabled
2018-05-16 20:39:28.4674 Info Adding target File Target[target1]
2018-05-16 20:39:28.4674 Info Adding target Console Target[target2]
2018-05-16 20:39:28.4777 Info Configured from an XML element in /home/edbrad/Documents/bl-status-svc/bin/nlog.config...
2018-05-16 20:39:28.4931 Info Found 33 configuration items
2018-05-16 20:39:33.9194 Info Logger closing down...
2018-05-16 20:39:33.9249 Info Closing old configuration.
2018-05-16 20:39:33.9524 Info Logger has been closed down.
